<?xml version="1.0" encoding="UTF-8"?>
<robot generator="Robot 6.1.1 (Python 3.11.6 on win32)" generated="20231115 17:41:33.661" rpa="false" schemaversion="4">
<suite id="s1" name="Tests" source="C:\Users\Anssi\OneDrive\Opiskelu\Tietojenkäsittely HY\Ohjelmistotuotanto\palautusrepositorio\viikko3\hello-robot\src\tests">
<suite id="s1-s1" name="Increase Counter" source="C:\Users\Anssi\OneDrive\Opiskelu\Tietojenkäsittely HY\Ohjelmistotuotanto\palautusrepositorio\viikko3\hello-robot\src\tests\increase_counter.robot">
<test id="s1-s1-t1" name="Increase Counter Once" line="5">
<kw name="Counter Value Should Be" library="CounterLibrary">
<arg>0</arg>
<status status="PASS" starttime="20231115 17:41:33.753" endtime="20231115 17:41:33.755"/>
</kw>
<kw name="Increase Counter" library="CounterLibrary">
<status status="PASS" starttime="20231115 17:41:33.755" endtime="20231115 17:41:33.755"/>
</kw>
<kw name="Counter Value Should Be" library="CounterLibrary">
<arg>1</arg>
<status status="PASS" starttime="20231115 17:41:33.755" endtime="20231115 17:41:33.755"/>
</kw>
<status status="PASS" starttime="20231115 17:41:33.743" endtime="20231115 17:41:33.755"/>
</test>
<test id="s1-s1-t2" name="Increase Counter Many Times" line="10">
<kw name="Counter Value Should Be" library="CounterLibrary">
<arg>0</arg>
<status status="PASS" starttime="20231115 17:41:33.755" endtime="20231115 17:41:33.763"/>
</kw>
<kw name="Increase Counter" library="CounterLibrary">
<status status="PASS" starttime="20231115 17:41:33.765" endtime="20231115 17:41:33.765"/>
</kw>
<kw name="Increase Counter" library="CounterLibrary">
<status status="PASS" starttime="20231115 17:41:33.765" endtime="20231115 17:41:33.765"/>
</kw>
<kw name="Increase Counter" library="CounterLibrary">
<status status="PASS" starttime="20231115 17:41:33.765" endtime="20231115 17:41:33.765"/>
</kw>
<kw name="Counter Value Should Be" library="CounterLibrary">
<arg>3</arg>
<status status="PASS" starttime="20231115 17:41:33.765" endtime="20231115 17:41:33.765"/>
</kw>
<status status="PASS" starttime="20231115 17:41:33.755" endtime="20231115 17:41:33.765"/>
</test>
<test id="s1-s1-t3" name="Increment Counter By Amount" line="17">
<kw name="Counter Value Should Be" library="CounterLibrary">
<arg>0</arg>
<status status="PASS" starttime="20231115 17:41:33.773" endtime="20231115 17:41:33.773"/>
</kw>
<kw name="Increment Counter By" library="CounterLibrary">
<arg>5</arg>
<status status="PASS" starttime="20231115 17:41:33.773" endtime="20231115 17:41:33.773"/>
</kw>
<kw name="Counter Value Should Be" library="CounterLibrary">
<arg>5</arg>
<status status="PASS" starttime="20231115 17:41:33.773" endtime="20231115 17:41:33.773"/>
</kw>
<status status="PASS" starttime="20231115 17:41:33.765" endtime="20231115 17:41:33.773"/>
</test>
<status status="PASS" starttime="20231115 17:41:33.724" endtime="20231115 17:41:33.773"/>
</suite>
<suite id="s1-s2" name="Reset Counter" source="C:\Users\Anssi\OneDrive\Opiskelu\Tietojenkäsittely HY\Ohjelmistotuotanto\palautusrepositorio\viikko3\hello-robot\src\tests\reset_counter.robot">
<test id="s1-s2-t1" name="Reset Counter After One Increment" line="5">
<kw name="Counter Value Should Be" library="CounterLibrary">
<arg>0</arg>
<status status="PASS" starttime="20231115 17:41:33.783" endtime="20231115 17:41:33.783"/>
</kw>
<kw name="Increase Counter" library="CounterLibrary">
<status status="PASS" starttime="20231115 17:41:33.783" endtime="20231115 17:41:33.783"/>
</kw>
<kw name="Counter Value Should Be" library="CounterLibrary">
<arg>1</arg>
<status status="PASS" starttime="20231115 17:41:33.783" endtime="20231115 17:41:33.783"/>
</kw>
<kw name="Reset Counter" library="CounterLibrary">
<status status="PASS" starttime="20231115 17:41:33.799" endtime="20231115 17:41:33.799"/>
</kw>
<kw name="Counter Value Should Be" library="CounterLibrary">
<arg>0</arg>
<status status="PASS" starttime="20231115 17:41:33.799" endtime="20231115 17:41:33.799"/>
</kw>
<status status="PASS" starttime="20231115 17:41:33.783" endtime="20231115 17:41:33.799"/>
</test>
<test id="s1-s2-t2" name="Reset Counter After Several Increments" line="12">
<kw name="Counter Value Should Be" library="CounterLibrary">
<arg>0</arg>
<status status="PASS" starttime="20231115 17:41:33.799" endtime="20231115 17:41:33.799"/>
</kw>
<kw name="Increment Counter By" library="CounterLibrary">
<arg>5</arg>
<status status="PASS" starttime="20231115 17:41:33.799" endtime="20231115 17:41:33.799"/>
</kw>
<kw name="Counter Value Should Be" library="CounterLibrary">
<arg>5</arg>
<status status="PASS" starttime="20231115 17:41:33.799" endtime="20231115 17:41:33.799"/>
</kw>
<kw name="Reset Counter" library="CounterLibrary">
<status status="PASS" starttime="20231115 17:41:33.799" endtime="20231115 17:41:33.799"/>
</kw>
<kw name="Counter Value Should Be" library="CounterLibrary">
<arg>0</arg>
<status status="PASS" starttime="20231115 17:41:33.799" endtime="20231115 17:41:33.799"/>
</kw>
<status status="PASS" starttime="20231115 17:41:33.799" endtime="20231115 17:41:33.799"/>
</test>
<status status="PASS" starttime="20231115 17:41:33.773" endtime="20231115 17:41:33.799"/>
</suite>
<status status="PASS" starttime="20231115 17:41:33.663" endtime="20231115 17:41:33.814"/>
</suite>
<statistics>
<total>
<stat pass="5" fail="0" skip="0">All Tests</stat>
</total>
<tag>
</tag>
<suite>
<stat pass="5" fail="0" skip="0" id="s1" name="Tests">Tests</stat>
<stat pass="3" fail="0" skip="0" id="s1-s1" name="Increase Counter">Tests.Increase Counter</stat>
<stat pass="2" fail="0" skip="0" id="s1-s2" name="Reset Counter">Tests.Reset Counter</stat>
</suite>
</statistics>
<errors>
</errors>
</robot>
