<?xml version="1.0" encoding="UTF-8"?>
<robot generator="Robot 6.1.1 (Python 3.11.6 on win32)" generated="20231115 19:48:16.580" rpa="false" schemaversion="4">
<suite id="s1" name="Login" source="C:\Users\Anssi\OneDrive\Opiskelu\Tietojenkäsittely HY\Ohjelmistotuotanto\palautusrepositorio\viikko3\login-robot\src\tests\login.robot">
<test id="s1-t1" name="Login With Correct Credentials" line="6">
<kw name="Create User And Input Login Command" type="SETUP">
<kw name="Create User" library="AppLibrary">
<arg>kalle</arg>
<arg>kalle123</arg>
<status status="PASS" starttime="20231115 19:48:16.668" endtime="20231115 19:48:16.684"/>
</kw>
<kw name="Input Login Command" library="resource">
<kw name="Input" library="AppLibrary">
<arg>login</arg>
<status status="PASS" starttime="20231115 19:48:16.684" endtime="20231115 19:48:16.684"/>
</kw>
<status status="PASS" starttime="20231115 19:48:16.684" endtime="20231115 19:48:16.684"/>
</kw>
<status status="PASS" starttime="20231115 19:48:16.668" endtime="20231115 19:48:16.684"/>
</kw>
<kw name="Input Credentials" library="resource">
<arg>kalle</arg>
<arg>kalle123</arg>
<kw name="Input" library="AppLibrary">
<arg>${username}</arg>
<status status="PASS" starttime="20231115 19:48:16.684" endtime="20231115 19:48:16.684"/>
</kw>
<kw name="Input" library="AppLibrary">
<arg>${password}</arg>
<status status="PASS" starttime="20231115 19:48:16.684" endtime="20231115 19:48:16.684"/>
</kw>
<kw name="Run Application" library="AppLibrary">
<status status="PASS" starttime="20231115 19:48:16.684" endtime="20231115 19:48:16.684"/>
</kw>
<status status="PASS" starttime="20231115 19:48:16.684" endtime="20231115 19:48:16.684"/>
</kw>
<kw name="Output Should Contain" library="AppLibrary">
<arg>Logged in</arg>
<status status="PASS" starttime="20231115 19:48:16.684" endtime="20231115 19:48:16.690"/>
</kw>
<status status="PASS" starttime="20231115 19:48:16.668" endtime="20231115 19:48:16.690"/>
</test>
<status status="PASS" starttime="20231115 19:48:16.590" endtime="20231115 19:48:16.690"/>
</suite>
<statistics>
<total>
<stat pass="1" fail="0" skip="0">All Tests</stat>
</total>
<tag>
</tag>
<suite>
<stat pass="1" fail="0" skip="0" id="s1" name="Login">Login</stat>
</suite>
</statistics>
<errors>
</errors>
</robot>
